<?xml version="1.0" encoding="UTF-8" standalone="yes"?><!DOCTYPE report PUBLIC "-//JACOCO//DTD Report 1.1//EN" "report.dtd"><report name="UCA Course Registration (Refactored with Tests)"><sessioninfo id="DESKTOP-U1BQKC0-a1835ab" start="1761880514057" dump="1761880516672"/><sessioninfo id="DESKTOP-U1BQKC0-567fe6eb" start="1761880643509" dump="1761880646131"/><sessioninfo id="DESKTOP-U1BQKC0-1d7fd5ad" start="1761880718399" dump="1761880721212"/><sessioninfo id="DESKTOP-U1BQKC0-8c4c1bb9" start="1761880908556" dump="1761880909366"/><sessioninfo id="DESKTOP-U1BQKC0-95f4bf47" start="1761880959903" dump="1761880962272"/><sessioninfo id="DESKTOP-U1BQKC0-9996cb5a" start="1761881007251" dump="1761881007982"/><sessioninfo id="DESKTOP-U1BQKC0-e0813608" start="1761881056457" dump="1761881057290"/><package name="edu/uca/registration/repository"><class name="edu/uca/registration/repository/CourseRepository" sourcefilename="CourseRepository.java"/><class name="edu/uca/registration/repository/EnrollmentRepository" sourcefilename="EnrollmentRepository.java"/><class name="edu/uca/registration/repository/StudentRepository" sourcefilename="StudentRepository.java"/><sourcefile name="CourseRepository.java"/><sourcefile name="StudentRepository.java"/><sourcefile name="EnrollmentRepository.java"/></package><package name="edu/uca/registration/service"><class name="edu/uca/registration/service/RegistrationService$EnrollmentResult" sourcefilename="RegistrationService.java"><method name="&lt;init&gt;" desc="(Z)V" line="190"><counter type="INSTRUCTION" missed="0" covered="6"/><counter type="LINE" missed="0" covered="3"/><counter type="COMPLEXITY" missed="0" covered="1"/><counter type="METHOD" missed="0" covered="1"/></method><method name="enrolled" desc="()Ledu/uca/registration/service/RegistrationService$EnrollmentResult;" line="195"><counter type="INSTRUCTION" missed="0" covered="5"/><counter type="LINE" missed="0" covered="1"/><counter type="COMPLEXITY" missed="0" covered="1"/><counter type="METHOD" missed="0" covered="1"/></method><method name="waitlisted" desc="()Ledu/uca/registration/service/RegistrationService$EnrollmentResult;" line="199"><counter type="INSTRUCTION" missed="0" covered="5"/><counter type="LINE" missed="0" covered="1"/><counter type="COMPLEXITY" missed="0" covered="1"/><counter type="METHOD" missed="0" covered="1"/></method><method name="isWaitlisted" desc="()Z" line="203"><counter type="INSTRUCTION" missed="0" covered="3"/><counter type="LINE" missed="0" covered="1"/><counter type="COMPLEXITY" missed="0" covered="1"/><counter type="METHOD" missed="0" covered="1"/></method><method name="getMessage" desc="()Ljava/lang/String;" line="207"><counter type="INSTRUCTION" missed="0" covered="7"/><counter type="BRANCH" missed="0" covered="2"/><counter type="LINE" missed="0" covered="1"/><counter type="COMPLEXITY" missed="0" covered="2"/><counter type="METHOD" missed="0" covered="1"/></method><counter type="INSTRUCTION" missed="0" covered="26"/><counter type="BRANCH" missed="0" covered="2"/><counter type="LINE" missed="0" covered="7"/><counter type="COMPLEXITY" missed="0" covered="6"/><counter type="METHOD" missed="0" covered="5"/><counter type="CLASS" missed="0" covered="1"/></class><class name="edu/uca/registration/service/RegistrationService$CourseEnrollmentInfo" sourcefilename="RegistrationService.java"><method name="&lt;init&gt;" desc="(Ledu/uca/registration/model/Course;II)V" line="246"><counter type="INSTRUCTION" missed="0" covered="12"/><counter type="LINE" missed="0" covered="5"/><counter type="COMPLEXITY" missed="0" covered="1"/><counter type="METHOD" missed="0" covered="1"/></method><method name="getCourse" desc="()Ledu/uca/registration/model/Course;" line="253"><counter type="INSTRUCTION" missed="0" covered="3"/><counter type="LINE" missed="0" covered="1"/><counter type="COMPLEXITY" missed="0" covered="1"/><counter type="METHOD" missed="0" covered="1"/></method><method name="getEnrolledCount" desc="()I" line="257"><counter type="INSTRUCTION" missed="0" covered="3"/><counter type="LINE" missed="0" covered="1"/><counter type="COMPLEXITY" missed="0" covered="1"/><counter type="METHOD" missed="0" covered="1"/></method><method name="getWaitlistCount" desc="()I" line="261"><counter type="INSTRUCTION" missed="0" covered="3"/><counter type="LINE" missed="0" covered="1"/><counter type="COMPLEXITY" missed="0" covered="1"/><counter type="METHOD" missed="0" covered="1"/></method><method name="getDisplayString" desc="()Ljava/lang/String;" line="265"><counter type="INSTRUCTION" missed="0" covered="36"/><counter type="LINE" missed="0" covered="3"/><counter type="COMPLEXITY" missed="0" covered="1"/><counter type="METHOD" missed="0" covered="1"/></method><counter type="INSTRUCTION" missed="0" covered="57"/><counter type="LINE" missed="0" covered="11"/><counter type="COMPLEXITY" missed="0" covered="5"/><counter type="METHOD" missed="0" covered="5"/><counter type="CLASS" missed="0" covered="1"/></class><class name="edu/uca/registration/service/RegistrationService" sourcefilename="RegistrationService.java"><method name="&lt;init&gt;" desc="(Ledu/uca/registration/repository/StudentRepository;Ledu/uca/registration/repository/CourseRepository;Ledu/uca/registration/repository/EnrollmentRepository;Ledu/uca/registration/util/Logger;)V" line="29"><counter type="INSTRUCTION" missed="0" covered="15"/><counter type="LINE" missed="0" covered="6"/><counter type="COMPLEXITY" missed="0" covered="1"/><counter type="METHOD" missed="0" covered="1"/></method><method name="addStudent" desc="(Ljava/lang/String;Ljava/lang/String;Ljava/lang/String;)V" line="39"><counter type="INSTRUCTION" missed="0" covered="38"/><counter type="BRANCH" missed="0" covered="2"/><counter type="LINE" missed="0" covered="9"/><counter type="COMPLEXITY" missed="0" covered="2"/><counter type="METHOD" missed="0" covered="1"/></method><method name="findStudent" desc="(Ljava/lang/String;)Ljava/util/Optional;" line="53"><counter type="INSTRUCTION" missed="0" covered="5"/><counter type="LINE" missed="0" covered="1"/><counter type="COMPLEXITY" missed="0" covered="1"/><counter type="METHOD" missed="0" covered="1"/></method><method name="getAllStudents" desc="()Ljava/util/Collection;" line="57"><counter type="INSTRUCTION" missed="0" covered="4"/><counter type="LINE" missed="0" covered="1"/><counter type="COMPLEXITY" missed="0" covered="1"/><counter type="METHOD" missed="0" covered="1"/></method><method name="addCourse" desc="(Ljava/lang/String;Ljava/lang/String;I)V" line="63"><counter type="INSTRUCTION" missed="0" covered="38"/><counter type="BRANCH" missed="0" covered="2"/><counter type="LINE" missed="0" covered="9"/><counter type="COMPLEXITY" missed="0" covered="2"/><counter type="METHOD" missed="0" covered="1"/></method><method name="findCourse" desc="(Ljava/lang/String;)Ljava/util/Optional;" line="77"><counter type="INSTRUCTION" missed="0" covered="5"/><counter type="LINE" missed="0" covered="1"/><counter type="COMPLEXITY" missed="0" covered="1"/><counter type="METHOD" missed="0" covered="1"/></method><method name="getAllCourses" desc="()Ljava/util/Collection;" line="81"><counter type="INSTRUCTION" missed="0" covered="4"/><counter type="LINE" missed="0" covered="1"/><counter type="COMPLEXITY" missed="0" covered="1"/><counter type="METHOD" missed="0" covered="1"/></method><method name="enrollStudent" desc="(Ljava/lang/String;Ljava/lang/String;)Ledu/uca/registration/service/RegistrationService$EnrollmentResult;" line="88"><counter type="INSTRUCTION" missed="6" covered="103"/><counter type="BRANCH" missed="1" covered="9"/><counter type="LINE" missed="1" covered="21"/><counter type="COMPLEXITY" missed="1" covered="5"/><counter type="METHOD" missed="0" covered="1"/></method><method name="dropStudent" desc="(Ljava/lang/String;Ljava/lang/String;)Ledu/uca/registration/service/RegistrationService$DropResult;" line="129"><counter type="INSTRUCTION" missed="6" covered="111"/><counter type="BRANCH" missed="1" covered="7"/><counter type="LINE" missed="1" covered="23"/><counter type="COMPLEXITY" missed="1" covered="4"/><counter type="METHOD" missed="0" covered="1"/></method><method name="getCourseEnrollmentInfo" desc="(Ljava/lang/String;)Ledu/uca/registration/service/RegistrationService$CourseEnrollmentInfo;" line="173"><counter type="INSTRUCTION" missed="0" covered="37"/><counter type="BRANCH" missed="0" covered="2"/><counter type="LINE" missed="0" covered="7"/><counter type="COMPLEXITY" missed="0" covered="2"/><counter type="METHOD" missed="0" covered="1"/></method><method name="lambda$dropStudent$2" desc="(Ljava/lang/String;Ledu/uca/registration/model/Enrollment;)Z" line="159"><counter type="INSTRUCTION" missed="0" covered="5"/><counter type="LINE" missed="0" covered="1"/><counter type="COMPLEXITY" missed="0" covered="1"/><counter type="METHOD" missed="0" covered="1"/></method><method name="lambda$dropStudent$1" desc="(Ljava/lang/String;Ledu/uca/registration/model/Enrollment;)Z" line="135"><counter type="INSTRUCTION" missed="0" covered="5"/><counter type="LINE" missed="0" covered="1"/><counter type="COMPLEXITY" missed="0" covered="1"/><counter type="METHOD" missed="0" covered="1"/></method><method name="lambda$enrollStudent$0" desc="(Ljava/lang/String;Ledu/uca/registration/model/Enrollment;)Z" line="101"><counter type="INSTRUCTION" missed="0" covered="5"/><counter type="LINE" missed="0" covered="1"/><counter type="COMPLEXITY" missed="0" covered="1"/><counter type="METHOD" missed="0" covered="1"/></method><counter type="INSTRUCTION" missed="12" covered="375"/><counter type="BRANCH" missed="2" covered="22"/><counter type="LINE" missed="2" covered="79"/><counter type="COMPLEXITY" missed="2" covered="23"/><counter type="METHOD" missed="0" covered="13"/><counter type="CLASS" missed="0" covered="1"/></class><class name="edu/uca/registration/service/RegistrationService$DropResult" sourcefilename="RegistrationService.java"><method name="&lt;init&gt;" desc="(Ljava/lang/String;Ljava/lang/String;)V" line="215"><counter type="INSTRUCTION" missed="0" covered="9"/><counter type="LINE" missed="0" covered="4"/><counter type="COMPLEXITY" missed="0" covered="1"/><counter type="METHOD" missed="0" covered="1"/></method><method name="dropped" desc="()Ledu/uca/registration/service/RegistrationService$DropResult;" line="221"><counter type="INSTRUCTION" missed="0" covered="6"/><counter type="LINE" missed="0" covered="1"/><counter type="COMPLEXITY" missed="0" covered="1"/><counter type="METHOD" missed="0" covered="1"/></method><method name="droppedWithPromotion" desc="(Ljava/lang/String;)Ledu/uca/registration/service/RegistrationService$DropResult;" line="225"><counter type="INSTRUCTION" missed="0" covered="7"/><counter type="LINE" missed="0" covered="1"/><counter type="COMPLEXITY" missed="0" covered="1"/><counter type="METHOD" missed="0" covered="1"/></method><method name="removedFromWaitlist" desc="()Ledu/uca/registration/service/RegistrationService$DropResult;" line="229"><counter type="INSTRUCTION" missed="0" covered="6"/><counter type="LINE" missed="0" covered="1"/><counter type="COMPLEXITY" missed="0" covered="1"/><counter type="METHOD" missed="0" covered="1"/></method><method name="getMessage" desc="()Ljava/lang/String;" line="233"><counter type="INSTRUCTION" missed="0" covered="3"/><counter type="LINE" missed="0" covered="1"/><counter type="COMPLEXITY" missed="0" covered="1"/><counter type="METHOD" missed="0" covered="1"/></method><method name="getPromotedStudentId" desc="()Ljava/util/Optional;" line="237"><counter type="INSTRUCTION" missed="0" covered="4"/><counter type="LINE" missed="0" covered="1"/><counter type="COMPLEXITY" missed="0" covered="1"/><counter type="METHOD" missed="0" covered="1"/></method><counter type="INSTRUCTION" missed="0" covered="35"/><counter type="LINE" missed="0" covered="9"/><counter type="COMPLEXITY" missed="0" covered="6"/><counter type="METHOD" missed="0" covered="6"/><counter type="CLASS" missed="0" covered="1"/></class><class name="edu/uca/registration/service/EnrollmentException" sourcefilename="EnrollmentException.java"><method name="&lt;init&gt;" desc="(Ljava/lang/String;)V" line="8"><counter type="INSTRUCTION" missed="0" covered="4"/><counter type="LINE" missed="0" covered="2"/><counter type="COMPLEXITY" missed="0" covered="1"/><counter type="METHOD" missed="0" covered="1"/></method><method name="&lt;init&gt;" desc="(Ljava/lang/String;Ljava/lang/Throwable;)V" line="12"><counter type="INSTRUCTION" missed="0" covered="5"/><counter type="LINE" missed="0" covered="2"/><counter type="COMPLEXITY" missed="0" covered="1"/><counter type="METHOD" missed="0" covered="1"/></method><counter type="INSTRUCTION" missed="0" covered="9"/><counter type="LINE" missed="0" covered="4"/><counter type="COMPLEXITY" missed="0" covered="2"/><counter type="METHOD" missed="0" covered="2"/><counter type="CLASS" missed="0" covered="1"/></class><sourcefile name="EnrollmentException.java"><line nr="8" mi="0" ci="3" mb="0" cb="0"/><line nr="9" mi="0" ci="1" mb="0" cb="0"/><line nr="12" mi="0" ci="4" mb="0" cb="0"/><line nr="13" mi="0" ci="1" mb="0" cb="0"/><counter type="INSTRUCTION" missed="0" covered="9"/><counter type="LINE" missed="0" covered="4"/><counter type="COMPLEXITY" missed="0" covered="2"/><counter type="METHOD" missed="0" covered="2"/><counter type="CLASS" missed="0" covered="1"/></sourcefile><sourcefile name="RegistrationService.java"><line nr="29" mi="0" ci="2" mb="0" cb="0"/><line nr="30" mi="0" ci="3" mb="0" cb="0"/><line nr="31" mi="0" ci="3" mb="0" cb="0"/><line nr="32" mi="0" ci="3" mb="0" cb="0"/><line nr="33" mi="0" ci="3" mb="0" cb="0"/><line nr="34" mi="0" ci="1" mb="0" cb="0"/><line nr="39" mi="0" ci="5" mb="0" cb="2"/><line nr="40" mi="0" ci="6" mb="0" cb="0"/><line nr="44" mi="0" ci="7" mb="0" cb="0"/><line nr="45" mi="0" ci="4" mb="0" cb="0"/><line nr="46" mi="0" ci="5" mb="0" cb="0"/><line nr="47" mi="0" ci="1" mb="0" cb="0"/><line nr="48" mi="0" ci="8" mb="0" cb="0"/><line nr="49" mi="0" ci="1" mb="0" cb="0"/><line nr="50" mi="0" ci="1" mb="0" cb="0"/><line nr="53" mi="0" ci="5" mb="0" cb="0"/><line nr="57" mi="0" ci="4" mb="0" cb="0"/><line nr="63" mi="0" ci="5" mb="0" cb="2"/><line nr="64" mi="0" ci="6" mb="0" cb="0"/><line nr="68" mi="0" ci="7" mb="0" cb="0"/><line nr="69" mi="0" ci="4" mb="0" cb="0"/><line nr="70" mi="0" ci="5" mb="0" cb="0"/><line nr="71" mi="0" ci="1" mb="0" cb="0"/><line nr="72" mi="0" ci="8" mb="0" cb="0"/><line nr="73" mi="0" ci="1" mb="0" cb="0"/><line nr="74" mi="0" ci="1" mb="0" cb="0"/><line nr="77" mi="0" ci="5" mb="0" cb="0"/><line nr="81" mi="0" ci="4" mb="0" cb="0"/><line nr="88" mi="0" ci="5" mb="0" cb="2"/><line nr="89" mi="0" ci="6" mb="0" cb="0"/><line nr="92" mi="0" ci="5" mb="0" cb="0"/><line nr="93" mi="0" ci="3" mb="0" cb="2"/><line nr="94" mi="0" ci="6" mb="0" cb="0"/><line nr="96" mi="0" ci="4" mb="0" cb="0"/><line nr="99" mi="0" ci="6" mb="0" cb="2"/><line nr="100" mi="0" ci="6" mb="0" cb="0"/><line nr="101" mi="0" ci="11" mb="0" cb="0"/><line nr="102" mi="0" ci="2" mb="1" cb="1"/><line nr="103" mi="0" ci="6" mb="0" cb="0"/><line nr="105" mi="6" ci="0" mb="0" cb="0"/><line nr="110" mi="0" ci="6" mb="0" cb="0"/><line nr="112" mi="0" ci="4" mb="0" cb="2"/><line nr="114" mi="0" ci="7" mb="0" cb="0"/><line nr="115" mi="0" ci="4" mb="0" cb="0"/><line nr="116" mi="0" ci="6" mb="0" cb="0"/><line nr="117" mi="0" ci="2" mb="0" cb="0"/><line nr="120" mi="0" ci="7" mb="0" cb="0"/><line nr="121" mi="0" ci="4" mb="0" cb="0"/><line nr="122" mi="0" ci="6" mb="0" cb="0"/><line nr="123" mi="0" ci="2" mb="0" cb="0"/><line nr="129" mi="0" ci="6" mb="1" cb="1"/><line nr="130" mi="6" ci="0" mb="0" cb="0"/><line nr="134" mi="0" ci="6" mb="0" cb="0"/><line nr="135" mi="0" ci="11" mb="0" cb="0"/><line nr="137" mi="0" ci="2" mb="0" cb="2"/><line nr="138" mi="0" ci="6" mb="0" cb="0"/><line nr="139" mi="0" ci="6" mb="0" cb="0"/><line nr="142" mi="0" ci="6" mb="0" cb="0"/><line nr="143" mi="0" ci="3" mb="0" cb="2"/><line nr="144" mi="0" ci="5" mb="0" cb="0"/><line nr="145" mi="0" ci="3" mb="0" cb="0"/><line nr="147" mi="0" ci="6" mb="0" cb="0"/><line nr="148" mi="0" ci="7" mb="0" cb="0"/><line nr="149" mi="0" ci="4" mb="0" cb="0"/><line nr="151" mi="0" ci="6" mb="0" cb="0"/><line nr="152" mi="0" ci="3" mb="0" cb="0"/><line nr="154" mi="0" ci="2" mb="0" cb="0"/><line nr="158" mi="0" ci="6" mb="0" cb="0"/><line nr="159" mi="0" ci="11" mb="0" cb="0"/><line nr="161" mi="0" ci="2" mb="0" cb="2"/><line nr="162" mi="0" ci="6" mb="0" cb="0"/><line nr="163" mi="0" ci="6" mb="0" cb="0"/><line nr="164" mi="0" ci="2" mb="0" cb="0"/><line nr="167" mi="0" ci="6" mb="0" cb="0"/><line nr="173" mi="0" ci="5" mb="0" cb="0"/><line nr="174" mi="0" ci="3" mb="0" cb="2"/><line nr="175" mi="0" ci="6" mb="0" cb="0"/><line nr="178" mi="0" ci="4" mb="0" cb="0"/><line nr="179" mi="0" ci="6" mb="0" cb="0"/><line nr="180" mi="0" ci="6" mb="0" cb="0"/><line nr="182" mi="0" ci="7" mb="0" cb="0"/><line nr="190" mi="0" ci="2" mb="0" cb="0"/><line nr="191" mi="0" ci="3" mb="0" cb="0"/><line nr="192" mi="0" ci="1" mb="0" cb="0"/><line nr="195" mi="0" ci="5" mb="0" cb="0"/><line nr="199" mi="0" ci="5" mb="0" cb="0"/><line nr="203" mi="0" ci="3" mb="0" cb="0"/><line nr="207" mi="0" ci="7" mb="0" cb="2"/><line nr="215" mi="0" ci="2" mb="0" cb="0"/><line nr="216" mi="0" ci="3" mb="0" cb="0"/><line nr="217" mi="0" ci="3" mb="0" cb="0"/><line nr="218" mi="0" ci="1" mb="0" cb="0"/><line nr="221" mi="0" ci="6" mb="0" cb="0"/><line nr="225" mi="0" ci="7" mb="0" cb="0"/><line nr="229" mi="0" ci="6" mb="0" cb="0"/><line nr="233" mi="0" ci="3" mb="0" cb="0"/><line nr="237" mi="0" ci="4" mb="0" cb="0"/><line nr="246" mi="0" ci="2" mb="0" cb="0"/><line nr="247" mi="0" ci="3" mb="0" cb="0"/><line nr="248" mi="0" ci="3" mb="0" cb="0"/><line nr="249" mi="0" ci="3" mb="0" cb="0"/><line nr="250" mi="0" ci="1" mb="0" cb="0"/><line nr="253" mi="0" ci="3" mb="0" cb="0"/><line nr="257" mi="0" ci="3" mb="0" cb="0"/><line nr="261" mi="0" ci="3" mb="0" cb="0"/><line nr="265" mi="0" ci="9" mb="0" cb="0"/><line nr="266" mi="0" ci="19" mb="0" cb="0"/><line nr="267" mi="0" ci="8" mb="0" cb="0"/><counter type="INSTRUCTION" missed="12" covered="493"/><counter type="BRANCH" missed="2" covered="24"/><counter type="LINE" missed="2" covered="106"/><counter type="COMPLEXITY" missed="2" covered="40"/><counter type="METHOD" missed="0" covered="29"/><counter type="CLASS" missed="0" covered="4"/></sourcefile><counter type="INSTRUCTION" missed="12" covered="502"/><counter type="BRANCH" missed="2" covered="24"/><counter type="LINE" missed="2" covered="110"/><counter type="COMPLEXITY" missed="2" covered="42"/><counter type="METHOD" missed="0" covered="31"/><counter type="CLASS" missed="0" covered="5"/></package><package name="edu/uca/registration/util"><class name="edu/uca/registration/util/Logger" sourcefilename="Logger.java"><method name="&lt;init&gt;" desc="(Ljava/lang/String;)V" line="28"><counter type="INSTRUCTION" missed="5" covered="0"/><counter type="LINE" missed="2" covered="0"/><counter type="COMPLEXITY" missed="1" covered="0"/><counter type="METHOD" missed="1" covered="0"/></method><method name="&lt;init&gt;" desc="(Ljava/lang/String;Ledu/uca/registration/util/Logger$LogLevel;)V" line="31"><counter type="INSTRUCTION" missed="0" covered="9"/><counter type="LINE" missed="0" covered="4"/><counter type="COMPLEXITY" missed="0" covered="1"/><counter type="METHOD" missed="0" covered="1"/></method><method name="debug" desc="(Ljava/lang/String;)V" line="37"><counter type="INSTRUCTION" missed="5" covered="0"/><counter type="LINE" missed="2" covered="0"/><counter type="COMPLEXITY" missed="1" covered="0"/><counter type="METHOD" missed="1" covered="0"/></method><method name="info" desc="(Ljava/lang/String;)V" line="41"><counter type="INSTRUCTION" missed="0" covered="5"/><counter type="LINE" missed="0" covered="2"/><counter type="COMPLEXITY" missed="0" covered="1"/><counter type="METHOD" missed="0" covered="1"/></method><method name="warn" desc="(Ljava/lang/String;)V" line="45"><counter type="INSTRUCTION" missed="5" covered="0"/><counter type="LINE" missed="2" covered="0"/><counter type="COMPLEXITY" missed="1" covered="0"/><counter type="METHOD" missed="1" covered="0"/></method><method name="error" desc="(Ljava/lang/String;)V" line="49"><counter type="INSTRUCTION" missed="5" covered="0"/><counter type="LINE" missed="2" covered="0"/><counter type="COMPLEXITY" missed="1" covered="0"/><counter type="METHOD" missed="1" covered="0"/></method><method name="log" desc="(Ledu/uca/registration/util/Logger$LogLevel;Ljava/lang/String;)V" line="53"><counter type="INSTRUCTION" missed="27" covered="6"/><counter type="BRANCH" missed="1" covered="1"/><counter type="LINE" missed="2" covered="2"/><counter type="COMPLEXITY" missed="1" covered="1"/><counter type="METHOD" missed="0" covered="1"/></method><method name="&lt;clinit&gt;" desc="()V" line="10"><counter type="INSTRUCTION" missed="0" covered="4"/><counter type="LINE" missed="0" covered="2"/><counter type="COMPLEXITY" missed="0" covered="1"/><counter type="METHOD" missed="0" covered="1"/></method><counter type="INSTRUCTION" missed="47" covered="24"/><counter type="BRANCH" missed="1" covered="1"/><counter type="LINE" missed="10" covered="10"/><counter type="COMPLEXITY" missed="5" covered="4"/><counter type="METHOD" missed="4" covered="4"/><counter type="CLASS" missed="0" covered="1"/></class><class name="edu/uca/registration/util/Config" sourcefilename="Config.java"><method name="&lt;init&gt;" desc="()V" line="16"><counter type="INSTRUCTION" missed="12" covered="0"/><counter type="LINE" missed="5" covered="0"/><counter type="COMPLEXITY" missed="1" covered="0"/><counter type="METHOD" missed="1" covered="0"/></method><method name="loadDefaults" desc="()V" line="23"><counter type="INSTRUCTION" missed="25" covered="0"/><counter type="LINE" missed="5" covered="0"/><counter type="COMPLEXITY" missed="1" covered="0"/><counter type="METHOD" missed="1" covered="0"/></method><method name="loadFromFile" desc="()V" line="30"><counter type="INSTRUCTION" missed="25" covered="0"/><counter type="BRANCH" missed="2" covered="0"/><counter type="LINE" missed="8" covered="0"/><counter type="COMPLEXITY" missed="2" covered="0"/><counter type="METHOD" missed="1" covered="0"/></method><method name="get" desc="(Ljava/lang/String;)Ljava/lang/String;" line="42"><counter type="INSTRUCTION" missed="25" covered="0"/><counter type="BRANCH" missed="4" covered="0"/><counter type="LINE" missed="6" covered="0"/><counter type="COMPLEXITY" missed="3" covered="0"/><counter type="METHOD" missed="1" covered="0"/></method><method name="get" desc="(Ljava/lang/String;Ljava/lang/String;)Ljava/lang/String;" line="53"><counter type="INSTRUCTION" missed="10" covered="0"/><counter type="BRANCH" missed="2" covered="0"/><counter type="LINE" missed="2" covered="0"/><counter type="COMPLEXITY" missed="2" covered="0"/><counter type="METHOD" missed="1" covered="0"/></method><method name="getInt" desc="(Ljava/lang/String;I)I" line="58"><counter type="INSTRUCTION" missed="14" covered="0"/><counter type="BRANCH" missed="2" covered="0"/><counter type="LINE" missed="5" covered="0"/><counter type="COMPLEXITY" missed="2" covered="0"/><counter type="METHOD" missed="1" covered="0"/></method><method name="getStudentsFile" desc="()Ljava/lang/String;" line="68"><counter type="INSTRUCTION" missed="4" covered="0"/><counter type="LINE" missed="1" covered="0"/><counter type="COMPLEXITY" missed="1" covered="0"/><counter type="METHOD" missed="1" covered="0"/></method><method name="getCoursesFile" desc="()Ljava/lang/String;" line="72"><counter type="INSTRUCTION" missed="4" covered="0"/><counter type="LINE" missed="1" covered="0"/><counter type="COMPLEXITY" missed="1" covered="0"/><counter type="METHOD" missed="1" covered="0"/></method><method name="getEnrollmentsFile" desc="()Ljava/lang/String;" line="76"><counter type="INSTRUCTION" missed="4" covered="0"/><counter type="LINE" missed="1" covered="0"/><counter type="COMPLEXITY" missed="1" covered="0"/><counter type="METHOD" missed="1" covered="0"/></method><method name="getLogLevel" desc="()Ledu/uca/registration/util/Logger$LogLevel;" line="80"><counter type="INSTRUCTION" missed="12" covered="0"/><counter type="LINE" missed="4" covered="0"/><counter type="COMPLEXITY" missed="1" covered="0"/><counter type="METHOD" missed="1" covered="0"/></method><counter type="INSTRUCTION" missed="135" covered="0"/><counter type="BRANCH" missed="10" covered="0"/><counter type="LINE" missed="38" covered="0"/><counter type="COMPLEXITY" missed="15" covered="0"/><counter type="METHOD" missed="10" covered="0"/><counter type="CLASS" missed="1" covered="0"/></class><class name="edu/uca/registration/util/Logger$LogLevel" sourcefilename="Logger.java"><method name="&lt;init&gt;" desc="(Ljava/lang/String;II)V" line="20"><counter type="INSTRUCTION" missed="0" covered="8"/><counter type="LINE" missed="0" covered="1"/><counter type="COMPLEXITY" missed="0" covered="1"/><counter type="METHOD" missed="0" covered="1"/></method><method name="shouldLog" desc="(Ledu/uca/registration/util/Logger$LogLevel;)Z" line="23"><counter type="INSTRUCTION" missed="2" covered="7"/><counter type="BRANCH" missed="1" covered="1"/><counter type="LINE" missed="0" covered="1"/><counter type="COMPLEXITY" missed="1" covered="1"/><counter type="METHOD" missed="0" covered="1"/></method><method name="&lt;clinit&gt;" desc="()V" line="16"><counter type="INSTRUCTION" missed="0" covered="31"/><counter type="LINE" missed="0" covered="2"/><counter type="COMPLEXITY" missed="0" covered="1"/><counter type="METHOD" missed="0" covered="1"/></method><counter type="INSTRUCTION" missed="2" covered="46"/><counter type="BRANCH" missed="1" covered="1"/><counter type="LINE" missed="0" covered="4"/><counter type="COMPLEXITY" missed="1" covered="3"/><counter type="METHOD" missed="0" covered="3"/><counter type="CLASS" missed="0" covered="1"/></class><sourcefile name="Config.java"><line nr="16" mi="2" ci="0" mb="0" cb="0"/><line nr="17" mi="5" ci="0" mb="0" cb="0"/><line nr="18" mi="2" ci="0" mb="0" cb="0"/><line nr="19" mi="2" ci="0" mb="0" cb="0"/><line nr="20" mi="1" ci="0" mb="0" cb="0"/><line nr="23" mi="6" ci="0" mb="0" cb="0"/><line nr="24" mi="6" ci="0" mb="0" cb="0"/><line nr="25" mi="6" ci="0" mb="0" cb="0"/><line nr="26" mi="6" ci="0" mb="0" cb="0"/><line nr="27" mi="1" ci="0" mb="0" cb="0"/><line nr="30" mi="5" ci="0" mb="0" cb="0"/><line nr="31" mi="3" ci="0" mb="2" cb="0"/><line nr="32" mi="5" ci="0" mb="0" cb="0"/><line nr="33" mi="4" ci="0" mb="0" cb="0"/><line nr="34" mi="1" ci="0" mb="0" cb="0"/><line nr="35" mi="5" ci="0" mb="0" cb="0"/><line nr="36" mi="1" ci="0" mb="0" cb="0"/><line nr="38" mi="1" ci="0" mb="0" cb="0"/><line nr="42" mi="6" ci="0" mb="0" cb="0"/><line nr="43" mi="3" ci="0" mb="0" cb="0"/><line nr="44" mi="4" ci="0" mb="2" cb="0"/><line nr="46" mi="3" ci="0" mb="0" cb="0"/><line nr="47" mi="4" ci="0" mb="2" cb="0"/><line nr="49" mi="5" ci="0" mb="0" cb="0"/><line nr="53" mi="4" ci="0" mb="0" cb="0"/><line nr="54" mi="6" ci="0" mb="2" cb="0"/><line nr="58" mi="4" ci="0" mb="0" cb="0"/><line nr="59" mi="4" ci="0" mb="2" cb="0"/><line nr="61" mi="3" ci="0" mb="0" cb="0"/><line nr="62" mi="1" ci="0" mb="0" cb="0"/><line nr="63" mi="2" ci="0" mb="0" cb="0"/><line nr="68" mi="4" ci="0" mb="0" cb="0"/><line nr="72" mi="4" ci="0" mb="0" cb="0"/><line nr="76" mi="4" ci="0" mb="0" cb="0"/><line nr="80" mi="6" ci="0" mb="0" cb="0"/><line nr="82" mi="3" ci="0" mb="0" cb="0"/><line nr="83" mi="1" ci="0" mb="0" cb="0"/><line nr="84" mi="2" ci="0" mb="0" cb="0"/><counter type="INSTRUCTION" missed="135" covered="0"/><counter type="BRANCH" missed="10" covered="0"/><counter type="LINE" missed="38" covered="0"/><counter type="COMPLEXITY" missed="15" covered="0"/><counter type="METHOD" missed="10" covered="0"/><counter type="CLASS" missed="1" covered="0"/></sourcefile><sourcefile name="Logger.java"><line nr="10" mi="0" ci="2" mb="0" cb="0"/><line nr="11" mi="0" ci="2" mb="0" cb="0"/><line nr="16" mi="0" ci="3" mb="0" cb="0"/><line nr="17" mi="0" ci="28" mb="0" cb="0"/><line nr="20" mi="0" ci="8" mb="0" cb="0"/><line nr="23" mi="2" ci="7" mb="1" cb="1"/><line nr="28" mi="4" ci="0" mb="0" cb="0"/><line nr="29" mi="1" ci="0" mb="0" cb="0"/><line nr="31" mi="0" ci="2" mb="0" cb="0"/><line nr="32" mi="0" ci="3" mb="0" cb="0"/><line nr="33" mi="0" ci="3" mb="0" cb="0"/><line nr="34" mi="0" ci="1" mb="0" cb="0"/><line nr="37" mi="4" ci="0" mb="0" cb="0"/><line nr="38" mi="1" ci="0" mb="0" cb="0"/><line nr="41" mi="0" ci="4" mb="0" cb="0"/><line nr="42" mi="0" ci="1" mb="0" cb="0"/><line nr="45" mi="4" ci="0" mb="0" cb="0"/><line nr="46" mi="1" ci="0" mb="0" cb="0"/><line nr="49" mi="4" ci="0" mb="0" cb="0"/><line nr="50" mi="1" ci="0" mb="0" cb="0"/><line nr="53" mi="0" ci="5" mb="1" cb="1"/><line nr="54" mi="4" ci="0" mb="0" cb="0"/><line nr="55" mi="23" ci="0" mb="0" cb="0"/><line nr="58" mi="0" ci="1" mb="0" cb="0"/><counter type="INSTRUCTION" missed="49" covered="70"/><counter type="BRANCH" missed="2" covered="2"/><counter type="LINE" missed="10" covered="14"/><counter type="COMPLEXITY" missed="6" covered="7"/><counter type="METHOD" missed="4" covered="7"/><counter type="CLASS" missed="0" covered="2"/></sourcefile><counter type="INSTRUCTION" missed="184" covered="70"/><counter type="BRANCH" missed="12" covered="2"/><counter type="LINE" missed="48" covered="14"/><counter type="COMPLEXITY" missed="21" covered="7"/><counter type="METHOD" missed="14" covered="7"/><counter type="CLASS" missed="1" covered="2"/></package><package name="edu/uca/registration/model"><class name="edu/uca/registration/model/Enrollment$EnrollmentStatus" sourcefilename="Enrollment.java"><method name="&lt;clinit&gt;" desc="()V" line="13"><counter type="INSTRUCTION" missed="0" covered="15"/><counter type="LINE" missed="0" covered="3"/><counter type="COMPLEXITY" missed="0" covered="1"/><counter type="METHOD" missed="0" covered="1"/></method><counter type="INSTRUCTION" missed="0" covered="15"/><counter type="LINE" missed="0" covered="3"/><counter type="COMPLEXITY" missed="0" covered="1"/><counter type="METHOD" missed="0" covered="1"/><counter type="CLASS" missed="0" covered="1"/></class><class name="edu/uca/registration/model/Enrollment" sourcefilename="Enrollment.java"><method name="&lt;init&gt;" desc="(Ljava/lang/String;Ljava/lang/String;Ledu/uca/registration/model/Enrollment$EnrollmentStatus;)V" line="18"><counter type="INSTRUCTION" missed="15" covered="28"/><counter type="BRANCH" missed="5" covered="5"/><counter type="LINE" missed="3" covered="8"/><counter type="COMPLEXITY" missed="5" covered="1"/><counter type="METHOD" missed="0" covered="1"/></method><method name="getStudentId" desc="()Ljava/lang/String;" line="35"><counter type="INSTRUCTION" missed="0" covered="3"/><counter type="LINE" missed="0" covered="1"/><counter type="COMPLEXITY" missed="0" covered="1"/><counter type="METHOD" missed="0" covered="1"/></method><method name="getCourseCode" desc="()Ljava/lang/String;" line="39"><counter type="INSTRUCTION" missed="0" covered="3"/><counter type="LINE" missed="0" covered="1"/><counter type="COMPLEXITY" missed="0" covered="1"/><counter type="METHOD" missed="0" covered="1"/></method><method name="getStatus" desc="()Ledu/uca/registration/model/Enrollment$EnrollmentStatus;" line="43"><counter type="INSTRUCTION" missed="0" covered="3"/><counter type="LINE" missed="0" covered="1"/><counter type="COMPLEXITY" missed="0" covered="1"/><counter type="METHOD" missed="0" covered="1"/></method><method name="isEnrolled" desc="()Z" line="47"><counter type="INSTRUCTION" missed="8" covered="0"/><counter type="BRANCH" missed="2" covered="0"/><counter type="LINE" missed="1" covered="0"/><counter type="COMPLEXITY" missed="2" covered="0"/><counter type="METHOD" missed="1" covered="0"/></method><method name="isWaitlisted" desc="()Z" line="51"><counter type="INSTRUCTION" missed="8" covered="0"/><counter type="BRANCH" missed="2" covered="0"/><counter type="LINE" missed="1" covered="0"/><counter type="COMPLEXITY" missed="2" covered="0"/><counter type="METHOD" missed="1" covered="0"/></method><method name="equals" desc="(Ljava/lang/Object;)Z" line="56"><counter type="INSTRUCTION" missed="33" covered="0"/><counter type="BRANCH" missed="10" covered="0"/><counter type="LINE" missed="5" covered="0"/><counter type="COMPLEXITY" missed="6" covered="0"/><counter type="METHOD" missed="1" covered="0"/></method><method name="hashCode" desc="()I" line="65"><counter type="INSTRUCTION" missed="14" covered="0"/><counter type="LINE" missed="1" covered="0"/><counter type="COMPLEXITY" missed="1" covered="0"/><counter type="METHOD" missed="1" covered="0"/></method><method name="toString" desc="()Ljava/lang/String;" line="70"><counter type="INSTRUCTION" missed="9" covered="0"/><counter type="LINE" missed="1" covered="0"/><counter type="COMPLEXITY" missed="1" covered="0"/><counter type="METHOD" missed="1" covered="0"/></method><counter type="INSTRUCTION" missed="87" covered="37"/><counter type="BRANCH" missed="19" covered="5"/><counter type="LINE" missed="12" covered="11"/><counter type="COMPLEXITY" missed="17" covered="4"/><counter type="METHOD" missed="5" covered="4"/><counter type="CLASS" missed="0" covered="1"/></class><class name="edu/uca/registration/model/Course" sourcefilename="Course.java"><method name="&lt;init&gt;" desc="(Ljava/lang/String;Ljava/lang/String;I)V" line="13"><counter type="INSTRUCTION" missed="0" covered="47"/><counter type="BRANCH" missed="0" covered="12"/><counter type="LINE" missed="0" covered="11"/><counter type="COMPLEXITY" missed="0" covered="7"/><counter type="METHOD" missed="0" covered="1"/></method><method name="getCode" desc="()Ljava/lang/String;" line="30"><counter type="INSTRUCTION" missed="0" covered="3"/><counter type="LINE" missed="0" covered="1"/><counter type="COMPLEXITY" missed="0" covered="1"/><counter type="METHOD" missed="0" covered="1"/></method><method name="getTitle" desc="()Ljava/lang/String;" line="34"><counter type="INSTRUCTION" missed="0" covered="3"/><counter type="LINE" missed="0" covered="1"/><counter type="COMPLEXITY" missed="0" covered="1"/><counter type="METHOD" missed="0" covered="1"/></method><method name="getCapacity" desc="()I" line="38"><counter type="INSTRUCTION" missed="0" covered="3"/><counter type="LINE" missed="0" covered="1"/><counter type="COMPLEXITY" missed="0" covered="1"/><counter type="METHOD" missed="0" covered="1"/></method><method name="equals" desc="(Ljava/lang/Object;)Z" line="43"><counter type="INSTRUCTION" missed="2" covered="21"/><counter type="BRANCH" missed="2" covered="4"/><counter type="LINE" missed="0" covered="4"/><counter type="COMPLEXITY" missed="2" covered="2"/><counter type="METHOD" missed="0" covered="1"/></method><method name="hashCode" desc="()I" line="51"><counter type="INSTRUCTION" missed="0" covered="9"/><counter type="LINE" missed="0" covered="1"/><counter type="COMPLEXITY" missed="0" covered="1"/><counter type="METHOD" missed="0" covered="1"/></method><method name="toString" desc="()Ljava/lang/String;" line="56"><counter type="INSTRUCTION" missed="0" covered="6"/><counter type="LINE" missed="0" covered="1"/><counter type="COMPLEXITY" missed="0" covered="1"/><counter type="METHOD" missed="0" covered="1"/></method><counter type="INSTRUCTION" missed="2" covered="92"/><counter type="BRANCH" missed="2" covered="16"/><counter type="LINE" missed="0" covered="20"/><counter type="COMPLEXITY" missed="2" covered="14"/><counter type="METHOD" missed="0" covered="7"/><counter type="CLASS" missed="0" covered="1"/></class><class name="edu/uca/registration/model/Student" sourcefilename="Student.java"><method name="&lt;init&gt;" desc="(Ljava/lang/String;Ljava/lang/String;Ljava/lang/String;)V" line="13"><counter type="INSTRUCTION" missed="0" covered="48"/><counter type="BRANCH" missed="2" covered="10"/><counter type="LINE" missed="0" covered="11"/><counter type="COMPLEXITY" missed="2" covered="5"/><counter type="METHOD" missed="0" covered="1"/></method><method name="getId" desc="()Ljava/lang/String;" line="30"><counter type="INSTRUCTION" missed="0" covered="3"/><counter type="LINE" missed="0" covered="1"/><counter type="COMPLEXITY" missed="0" covered="1"/><counter type="METHOD" missed="0" covered="1"/></method><method name="getName" desc="()Ljava/lang/String;" line="34"><counter type="INSTRUCTION" missed="0" covered="3"/><counter type="LINE" missed="0" covered="1"/><counter type="COMPLEXITY" missed="0" covered="1"/><counter type="METHOD" missed="0" covered="1"/></method><method name="getEmail" desc="()Ljava/lang/String;" line="38"><counter type="INSTRUCTION" missed="0" covered="3"/><counter type="LINE" missed="0" covered="1"/><counter type="COMPLEXITY" missed="0" covered="1"/><counter type="METHOD" missed="0" covered="1"/></method><method name="equals" desc="(Ljava/lang/Object;)Z" line="43"><counter type="INSTRUCTION" missed="4" covered="19"/><counter type="BRANCH" missed="3" covered="3"/><counter type="LINE" missed="0" covered="4"/><counter type="COMPLEXITY" missed="3" covered="1"/><counter type="METHOD" missed="0" covered="1"/></method><method name="hashCode" desc="()I" line="51"><counter type="INSTRUCTION" missed="0" covered="9"/><counter type="LINE" missed="0" covered="1"/><counter type="COMPLEXITY" missed="0" covered="1"/><counter type="METHOD" missed="0" covered="1"/></method><method name="toString" desc="()Ljava/lang/String;" line="56"><counter type="INSTRUCTION" missed="0" covered="8"/><counter type="LINE" missed="0" covered="1"/><counter type="COMPLEXITY" missed="0" covered="1"/><counter type="METHOD" missed="0" covered="1"/></method><counter type="INSTRUCTION" missed="4" covered="93"/><counter type="BRANCH" missed="5" covered="13"/><counter type="LINE" missed="0" covered="20"/><counter type="COMPLEXITY" missed="5" covered="11"/><counter type="METHOD" missed="0" covered="7"/><counter type="CLASS" missed="0" covered="1"/></class><sourcefile name="Enrollment.java"><line nr="13" mi="0" ci="3" mb="0" cb="0"/><line nr="14" mi="0" ci="6" mb="0" cb="0"/><line nr="15" mi="0" ci="6" mb="0" cb="0"/><line nr="18" mi="0" ci="2" mb="0" cb="0"/><line nr="19" mi="0" ci="6" mb="2" cb="2"/><line nr="20" mi="5" ci="0" mb="0" cb="0"/><line nr="22" mi="0" ci="6" mb="2" cb="2"/><line nr="23" mi="5" ci="0" mb="0" cb="0"/><line nr="25" mi="0" ci="2" mb="1" cb="1"/><line nr="26" mi="5" ci="0" mb="0" cb="0"/><line nr="29" mi="0" ci="4" mb="0" cb="0"/><line nr="30" mi="0" ci="4" mb="0" cb="0"/><line nr="31" mi="0" ci="3" mb="0" cb="0"/><line nr="32" mi="0" ci="1" mb="0" cb="0"/><line nr="35" mi="0" ci="3" mb="0" cb="0"/><line nr="39" mi="0" ci="3" mb="0" cb="0"/><line nr="43" mi="0" ci="3" mb="0" cb="0"/><line nr="47" mi="8" ci="0" mb="2" cb="0"/><line nr="51" mi="8" ci="0" mb="2" cb="0"/><line nr="56" mi="5" ci="0" mb="2" cb="0"/><line nr="57" mi="9" ci="0" mb="4" cb="0"/><line nr="58" mi="3" ci="0" mb="0" cb="0"/><line nr="59" mi="11" ci="0" mb="2" cb="0"/><line nr="60" mi="5" ci="0" mb="2" cb="0"/><line nr="65" mi="14" ci="0" mb="0" cb="0"/><line nr="70" mi="9" ci="0" mb="0" cb="0"/><counter type="INSTRUCTION" missed="87" covered="52"/><counter type="BRANCH" missed="19" covered="5"/><counter type="LINE" missed="12" covered="14"/><counter type="COMPLEXITY" missed="17" covered="5"/><counter type="METHOD" missed="5" covered="5"/><counter type="CLASS" missed="0" covered="2"/></sourcefile><sourcefile name="Student.java"><line nr="13" mi="0" ci="2" mb="0" cb="0"/><line nr="14" mi="0" ci="6" mb="0" cb="4"/><line nr="15" mi="0" ci="5" mb="0" cb="0"/><line nr="17" mi="0" ci="6" mb="1" cb="3"/><line nr="18" mi="0" ci="5" mb="0" cb="0"/><line nr="20" mi="0" ci="6" mb="1" cb="3"/><line nr="21" mi="0" ci="5" mb="0" cb="0"/><line nr="24" mi="0" ci="4" mb="0" cb="0"/><line nr="25" mi="0" ci="4" mb="0" cb="0"/><line nr="26" mi="0" ci="4" mb="0" cb="0"/><line nr="27" mi="0" ci="1" mb="0" cb="0"/><line nr="30" mi="0" ci="3" mb="0" cb="0"/><line nr="34" mi="0" ci="3" mb="0" cb="0"/><line nr="38" mi="0" ci="3" mb="0" cb="0"/><line nr="43" mi="2" ci="3" mb="1" cb="1"/><line nr="44" mi="2" ci="7" mb="2" cb="2"/><line nr="45" mi="0" ci="3" mb="0" cb="0"/><line nr="46" mi="0" ci="6" mb="0" cb="0"/><line nr="51" mi="0" ci="9" mb="0" cb="0"/><line nr="56" mi="0" ci="8" mb="0" cb="0"/><counter type="INSTRUCTION" missed="4" covered="93"/><counter type="BRANCH" missed="5" covered="13"/><counter type="LINE" missed="0" covered="20"/><counter type="COMPLEXITY" missed="5" covered="11"/><counter type="METHOD" missed="0" covered="7"/><counter type="CLASS" missed="0" covered="1"/></sourcefile><sourcefile name="Course.java"><line nr="13" mi="0" ci="2" mb="0" cb="0"/><line nr="14" mi="0" ci="6" mb="0" cb="4"/><line nr="15" mi="0" ci="5" mb="0" cb="0"/><line nr="17" mi="0" ci="6" mb="0" cb="4"/><line nr="18" mi="0" ci="5" mb="0" cb="0"/><line nr="20" mi="0" ci="6" mb="0" cb="4"/><line nr="21" mi="0" ci="5" mb="0" cb="0"/><line nr="24" mi="0" ci="4" mb="0" cb="0"/><line nr="25" mi="0" ci="4" mb="0" cb="0"/><line nr="26" mi="0" ci="3" mb="0" cb="0"/><line nr="27" mi="0" ci="1" mb="0" cb="0"/><line nr="30" mi="0" ci="3" mb="0" cb="0"/><line nr="34" mi="0" ci="3" mb="0" cb="0"/><line nr="38" mi="0" ci="3" mb="0" cb="0"/><line nr="43" mi="0" ci="5" mb="0" cb="2"/><line nr="44" mi="2" ci="7" mb="2" cb="2"/><line nr="45" mi="0" ci="3" mb="0" cb="0"/><line nr="46" mi="0" ci="6" mb="0" cb="0"/><line nr="51" mi="0" ci="9" mb="0" cb="0"/><line nr="56" mi="0" ci="6" mb="0" cb="0"/><counter type="INSTRUCTION" missed="2" covered="92"/><counter type="BRANCH" missed="2" covered="16"/><counter type="LINE" missed="0" covered="20"/><counter type="COMPLEXITY" missed="2" covered="14"/><counter type="METHOD" missed="0" covered="7"/><counter type="CLASS" missed="0" covered="1"/></sourcefile><counter type="INSTRUCTION" missed="93" covered="237"/><counter type="BRANCH" missed="26" covered="34"/><counter type="LINE" missed="12" covered="54"/><counter type="COMPLEXITY" missed="24" covered="30"/><counter type="METHOD" missed="5" covered="19"/><counter type="CLASS" missed="0" covered="4"/></package><package name="edu/uca/registration/app"><class name="edu/uca/registration/app/CliApplication" sourcefilename="CliApplication.java"><method name="&lt;init&gt;" desc="(Ledu/uca/registration/service/RegistrationService;)V" line="22"><counter type="INSTRUCTION" missed="12" covered="0"/><counter type="LINE" missed="4" covered="0"/><counter type="COMPLEXITY" missed="1" covered="0"/><counter type="METHOD" missed="1" covered="0"/></method><method name="run" desc="()V" line="28"><counter type="INSTRUCTION" missed="7" covered="0"/><counter type="LINE" missed="4" covered="0"/><counter type="COMPLEXITY" missed="1" covered="0"/><counter type="METHOD" missed="1" covered="0"/></method><method name="displayWelcome" desc="()V" line="34"><counter type="INSTRUCTION" missed="7" covered="0"/><counter type="LINE" missed="3" covered="0"/><counter type="COMPLEXITY" missed="1" covered="0"/><counter type="METHOD" missed="1" covered="0"/></method><method name="displayGoodbye" desc="()V" line="39"><counter type="INSTRUCTION" missed="7" covered="0"/><counter type="LINE" missed="3" covered="0"/><counter type="COMPLEXITY" missed="1" covered="0"/><counter type="METHOD" missed="1" covered="0"/></method><method name="menuLoop" desc="()V" line="45"><counter type="INSTRUCTION" missed="21" covered="0"/><counter type="BRANCH" missed="2" covered="0"/><counter type="LINE" missed="9" covered="0"/><counter type="COMPLEXITY" missed="2" covered="0"/><counter type="METHOD" missed="1" covered="0"/></method><method name="displayMenu" desc="()V" line="59"><counter type="INSTRUCTION" missed="25" covered="0"/><counter type="LINE" missed="9" covered="0"/><counter type="COMPLEXITY" missed="1" covered="0"/><counter type="METHOD" missed="1" covered="0"/></method><method name="handleMenuChoice" desc="(Ljava/lang/String;)Z" line="70"><counter type="INSTRUCTION" missed="39" covered="0"/><counter type="BRANCH" missed="8" covered="0"/><counter type="LINE" missed="16" covered="0"/><counter type="COMPLEXITY" missed="8" covered="0"/><counter type="METHOD" missed="1" covered="0"/></method><method name="addStudentUI" desc="()V" line="99"><counter type="INSTRUCTION" missed="32" covered="0"/><counter type="LINE" missed="9" covered="0"/><counter type="COMPLEXITY" missed="1" covered="0"/><counter type="METHOD" missed="1" covered="0"/></method><method name="addCourseUI" desc="()V" line="112"><counter type="INSTRUCTION" missed="40" covered="0"/><counter type="LINE" missed="12" covered="0"/><counter type="COMPLEXITY" missed="1" covered="0"/><counter type="METHOD" missed="1" covered="0"/></method><method name="enrollUI" desc="()V" line="128"><counter type="INSTRUCTION" missed="28" covered="0"/><counter type="LINE" missed="8" covered="0"/><counter type="COMPLEXITY" missed="1" covered="0"/><counter type="METHOD" missed="1" covered="0"/></method><method name="dropUI" desc="()V" line="140"><counter type="INSTRUCTION" missed="28" covered="0"/><counter type="LINE" missed="8" covered="0"/><counter type="COMPLEXITY" missed="1" covered="0"/><counter type="METHOD" missed="1" covered="0"/></method><method name="listStudents" desc="()V" line="151"><counter type="INSTRUCTION" missed="31" covered="0"/><counter type="BRANCH" missed="4" covered="0"/><counter type="LINE" missed="8" covered="0"/><counter type="COMPLEXITY" missed="3" covered="0"/><counter type="METHOD" missed="1" covered="0"/></method><method name="listCourses" desc="()V" line="164"><counter type="INSTRUCTION" missed="44" covered="0"/><counter type="BRANCH" missed="4" covered="0"/><counter type="LINE" missed="12" covered="0"/><counter type="COMPLEXITY" missed="3" covered="0"/><counter type="METHOD" missed="1" covered="0"/></method><method name="readInput" desc="(Ljava/lang/String;)Ljava/lang/String;" line="180"><counter type="INSTRUCTION" missed="7" covered="0"/><counter type="LINE" missed="2" covered="0"/><counter type="COMPLEXITY" missed="1" covered="0"/><counter type="METHOD" missed="1" covered="0"/></method><method name="println" desc="(Ljava/lang/String;)V" line="185"><counter type="INSTRUCTION" missed="4" covered="0"/><counter type="LINE" missed="2" covered="0"/><counter type="COMPLEXITY" missed="1" covered="0"/><counter type="METHOD" missed="1" covered="0"/></method><counter type="INSTRUCTION" missed="332" covered="0"/><counter type="BRANCH" missed="18" covered="0"/><counter type="LINE" missed="109" covered="0"/><counter type="COMPLEXITY" missed="27" covered="0"/><counter type="METHOD" missed="15" covered="0"/><counter type="CLASS" missed="1" covered="0"/></class><sourcefile name="CliApplication.java"><line nr="22" mi="2" ci="0" mb="0" cb="0"/><line nr="23" mi="3" ci="0" mb="0" cb="0"/><line nr="24" mi="6" ci="0" mb="0" cb="0"/><line nr="25" mi="1" ci="0" mb="0" cb="0"/><line nr="28" mi="2" ci="0" mb="0" cb="0"/><line nr="29" mi="2" ci="0" mb="0" cb="0"/><line nr="30" mi="2" ci="0" mb="0" cb="0"/><line nr="31" mi="1" ci="0" mb="0" cb="0"/><line nr="34" mi="3" ci="0" mb="0" cb="0"/><line nr="35" mi="3" ci="0" mb="0" cb="0"/><line nr="36" mi="1" ci="0" mb="0" cb="0"/><line nr="39" mi="3" ci="0" mb="0" cb="0"/><line nr="40" mi="3" ci="0" mb="0" cb="0"/><line nr="41" mi="1" ci="0" mb="0" cb="0"/><line nr="45" mi="2" ci="0" mb="0" cb="0"/><line nr="46" mi="5" ci="0" mb="0" cb="0"/><line nr="49" mi="4" ci="0" mb="2" cb="0"/><line nr="50" mi="1" ci="0" mb="0" cb="0"/><line nr="52" mi="1" ci="0" mb="0" cb="0"/><line nr="53" mi="5" ci="0" mb="0" cb="0"/><line nr="54" mi="1" ci="0" mb="0" cb="0"/><line nr="55" mi="1" ci="0" mb="0" cb="0"/><line nr="56" mi="1" ci="0" mb="0" cb="0"/><line nr="59" mi="3" ci="0" mb="0" cb="0"/><line nr="60" mi="3" ci="0" mb="0" cb="0"/><line nr="61" mi="3" ci="0" mb="0" cb="0"/><line nr="62" mi="3" ci="0" mb="0" cb="0"/><line nr="63" mi="3" ci="0" mb="0" cb="0"/><line nr="64" mi="3" ci="0" mb="0" cb="0"/><line nr="65" mi="3" ci="0" mb="0" cb="0"/><line nr="66" mi="3" ci="0" mb="0" cb="0"/><line nr="67" mi="1" ci="0" mb="0" cb="0"/><line nr="70" mi="8" ci="0" mb="8" cb="0"/><line nr="72" mi="2" ci="0" mb="0" cb="0"/><line nr="73" mi="2" ci="0" mb="0" cb="0"/><line nr="75" mi="2" ci="0" mb="0" cb="0"/><line nr="76" mi="2" ci="0" mb="0" cb="0"/><line nr="78" mi="2" ci="0" mb="0" cb="0"/><line nr="79" mi="2" ci="0" mb="0" cb="0"/><line nr="81" mi="2" ci="0" mb="0" cb="0"/><line nr="82" mi="2" ci="0" mb="0" cb="0"/><line nr="84" mi="2" ci="0" mb="0" cb="0"/><line nr="85" mi="2" ci="0" mb="0" cb="0"/><line nr="87" mi="2" ci="0" mb="0" cb="0"/><line nr="88" mi="2" ci="0" mb="0" cb="0"/><line nr="90" mi="2" ci="0" mb="0" cb="0"/><line nr="92" mi="3" ci="0" mb="0" cb="0"/><line nr="93" mi="2" ci="0" mb="0" cb="0"/><line nr="99" mi="5" ci="0" mb="0" cb="0"/><line nr="100" mi="5" ci="0" mb="0" cb="0"/><line nr="101" mi="5" ci="0" mb="0" cb="0"/><line nr="103" mi="6" ci="0" mb="0" cb="0"/><line nr="104" mi="3" ci="0" mb="0" cb="0"/><line nr="105" mi="1" ci="0" mb="0" cb="0"/><line nr="106" mi="5" ci="0" mb="0" cb="0"/><line nr="107" mi="1" ci="0" mb="0" cb="0"/><line nr="108" mi="1" ci="0" mb="0" cb="0"/><line nr="112" mi="5" ci="0" mb="0" cb="0"/><line nr="113" mi="5" ci="0" mb="0" cb="0"/><line nr="114" mi="5" ci="0" mb="0" cb="0"/><line nr="116" mi="3" ci="0" mb="0" cb="0"/><line nr="117" mi="6" ci="0" mb="0" cb="0"/><line nr="118" mi="3" ci="0" mb="0" cb="0"/><line nr="119" mi="1" ci="0" mb="0" cb="0"/><line nr="120" mi="3" ci="0" mb="0" cb="0"/><line nr="121" mi="1" ci="0" mb="0" cb="0"/><line nr="122" mi="5" ci="0" mb="0" cb="0"/><line nr="123" mi="2" ci="0" mb="0" cb="0"/><line nr="124" mi="1" ci="0" mb="0" cb="0"/><line nr="128" mi="5" ci="0" mb="0" cb="0"/><line nr="129" mi="5" ci="0" mb="0" cb="0"/><line nr="131" mi="6" ci="0" mb="0" cb="0"/><line nr="132" mi="4" ci="0" mb="0" cb="0"/><line nr="133" mi="1" ci="0" mb="0" cb="0"/><line nr="134" mi="5" ci="0" mb="0" cb="0"/><line nr="135" mi="1" ci="0" mb="0" cb="0"/><line nr="136" mi="1" ci="0" mb="0" cb="0"/><line nr="140" mi="5" ci="0" mb="0" cb="0"/><line nr="141" mi="5" ci="0" mb="0" cb="0"/><line nr="143" mi="6" ci="0" mb="0" cb="0"/><line nr="144" mi="4" ci="0" mb="0" cb="0"/><line nr="145" mi="1" ci="0" mb="0" cb="0"/><line nr="146" mi="5" ci="0" mb="0" cb="0"/><line nr="147" mi="1" ci="0" mb="0" cb="0"/><line nr="148" mi="1" ci="0" mb="0" cb="0"/><line nr="151" mi="4" ci="0" mb="0" cb="0"/><line nr="152" mi="3" ci="0" mb="0" cb="0"/><line nr="153" mi="3" ci="0" mb="2" cb="0"/><line nr="154" mi="4" ci="0" mb="0" cb="0"/><line nr="156" mi="10" ci="0" mb="2" cb="0"/><line nr="157" mi="5" ci="0" mb="0" cb="0"/><line nr="158" mi="1" ci="0" mb="0" cb="0"/><line nr="160" mi="1" ci="0" mb="0" cb="0"/><line nr="164" mi="4" ci="0" mb="0" cb="0"/><line nr="165" mi="3" ci="0" mb="0" cb="0"/><line nr="166" mi="3" ci="0" mb="2" cb="0"/><line nr="167" mi="4" ci="0" mb="0" cb="0"/><line nr="169" mi="10" ci="0" mb="2" cb="0"/><line nr="170" mi="6" ci="0" mb="0" cb="0"/><line nr="171" mi="5" ci="0" mb="0" cb="0"/><line nr="172" mi="1" ci="0" mb="0" cb="0"/><line nr="174" mi="1" ci="0" mb="0" cb="0"/><line nr="175" mi="5" ci="0" mb="0" cb="0"/><line nr="176" mi="1" ci="0" mb="0" cb="0"/><line nr="177" mi="1" ci="0" mb="0" cb="0"/><line nr="180" mi="3" ci="0" mb="0" cb="0"/><line nr="181" mi="4" ci="0" mb="0" cb="0"/><line nr="185" mi="3" ci="0" mb="0" cb="0"/><line nr="186" mi="1" ci="0" mb="0" cb="0"/><counter type="INSTRUCTION" missed="332" covered="0"/><counter type="BRANCH" missed="18" covered="0"/><counter type="LINE" missed="109" covered="0"/><counter type="COMPLEXITY" missed="27" covered="0"/><counter type="METHOD" missed="15" covered="0"/><counter type="CLASS" missed="1" covered="0"/></sourcefile><counter type="INSTRUCTION" missed="332" covered="0"/><counter type="BRANCH" missed="18" covered="0"/><counter type="LINE" missed="109" covered="0"/><counter type="COMPLEXITY" missed="27" covered="0"/><counter type="METHOD" missed="15" covered="0"/><counter type="CLASS" missed="1" covered="0"/></package><package name="edu/uca/registration/repository/impl"><class name="edu/uca/registration/repository/impl/CsvStudentRepository" sourcefilename="CsvStudentRepository.java"><method name="&lt;init&gt;" desc="(Ljava/lang/String;Ledu/uca/registration/util/Logger;)V" line="27"><counter type="INSTRUCTION" missed="16" covered="0"/><counter type="LINE" missed="6" covered="0"/><counter type="COMPLEXITY" missed="1" covered="0"/><counter type="METHOD" missed="1" covered="0"/></method><method name="save" desc="(Ledu/uca/registration/model/Student;)V" line="36"><counter type="INSTRUCTION" missed="10" covered="0"/><counter type="LINE" missed="3" covered="0"/><counter type="COMPLEXITY" missed="1" covered="0"/><counter type="METHOD" missed="1" covered="0"/></method><method name="findById" desc="(Ljava/lang/String;)Ljava/util/Optional;" line="42"><counter type="INSTRUCTION" missed="7" covered="0"/><counter type="LINE" missed="1" covered="0"/><counter type="COMPLEXITY" missed="1" covered="0"/><counter type="METHOD" missed="1" covered="0"/></method><method name="exists" desc="(Ljava/lang/String;)Z" line="47"><counter type="INSTRUCTION" missed="5" covered="0"/><counter type="LINE" missed="1" covered="0"/><counter type="COMPLEXITY" missed="1" covered="0"/><counter type="METHOD" missed="1" covered="0"/></method><method name="findAll" desc="()Ljava/util/Collection;" line="52"><counter type="INSTRUCTION" missed="7" covered="0"/><counter type="LINE" missed="1" covered="0"/><counter type="COMPLEXITY" missed="1" covered="0"/><counter type="METHOD" missed="1" covered="0"/></method><method name="delete" desc="(Ljava/lang/String;)Z" line="57"><counter type="INSTRUCTION" missed="15" covered="0"/><counter type="BRANCH" missed="4" covered="0"/><counter type="LINE" missed="4" covered="0"/><counter type="COMPLEXITY" missed="3" covered="0"/><counter type="METHOD" missed="1" covered="0"/></method><method name="count" desc="()I" line="66"><counter type="INSTRUCTION" missed="4" covered="0"/><counter type="LINE" missed="1" covered="0"/><counter type="COMPLEXITY" missed="1" covered="0"/><counter type="METHOD" missed="1" covered="0"/></method><method name="flush" desc="()V" line="71"><counter type="INSTRUCTION" missed="67" covered="0"/><counter type="BRANCH" missed="2" covered="0"/><counter type="LINE" missed="11" covered="0"/><counter type="COMPLEXITY" missed="2" covered="0"/><counter type="METHOD" missed="1" covered="0"/></method><method name="loadFromFile" desc="()V" line="84"><counter type="INSTRUCTION" missed="87" covered="0"/><counter type="BRANCH" missed="6" covered="0"/><counter type="LINE" missed="21" covered="0"/><counter type="COMPLEXITY" missed="4" covered="0"/><counter type="METHOD" missed="1" covered="0"/></method><counter type="INSTRUCTION" missed="218" covered="0"/><counter type="BRANCH" missed="12" covered="0"/><counter type="LINE" missed="49" covered="0"/><counter type="COMPLEXITY" missed="15" covered="0"/><counter type="METHOD" missed="9" covered="0"/><counter type="CLASS" missed="1" covered="0"/></class><class name="edu/uca/registration/repository/impl/CsvCourseRepository" sourcefilename="CsvCourseRepository.java"><method name="&lt;init&gt;" desc="(Ljava/lang/String;Ledu/uca/registration/util/Logger;)V" line="27"><counter type="INSTRUCTION" missed="16" covered="0"/><counter type="LINE" missed="6" covered="0"/><counter type="COMPLEXITY" missed="1" covered="0"/><counter type="METHOD" missed="1" covered="0"/></method><method name="save" desc="(Ledu/uca/registration/model/Course;)V" line="36"><counter type="INSTRUCTION" missed="10" covered="0"/><counter type="LINE" missed="3" covered="0"/><counter type="COMPLEXITY" missed="1" covered="0"/><counter type="METHOD" missed="1" covered="0"/></method><method name="findByCode" desc="(Ljava/lang/String;)Ljava/util/Optional;" line="42"><counter type="INSTRUCTION" missed="7" covered="0"/><counter type="LINE" missed="1" covered="0"/><counter type="COMPLEXITY" missed="1" covered="0"/><counter type="METHOD" missed="1" covered="0"/></method><method name="exists" desc="(Ljava/lang/String;)Z" line="47"><counter type="INSTRUCTION" missed="5" covered="0"/><counter type="LINE" missed="1" covered="0"/><counter type="COMPLEXITY" missed="1" covered="0"/><counter type="METHOD" missed="1" covered="0"/></method><method name="findAll" desc="()Ljava/util/Collection;" line="52"><counter type="INSTRUCTION" missed="7" covered="0"/><counter type="LINE" missed="1" covered="0"/><counter type="COMPLEXITY" missed="1" covered="0"/><counter type="METHOD" missed="1" covered="0"/></method><method name="delete" desc="(Ljava/lang/String;)Z" line="57"><counter type="INSTRUCTION" missed="15" covered="0"/><counter type="BRANCH" missed="4" covered="0"/><counter type="LINE" missed="4" covered="0"/><counter type="COMPLEXITY" missed="3" covered="0"/><counter type="METHOD" missed="1" covered="0"/></method><method name="count" desc="()I" line="66"><counter type="INSTRUCTION" missed="4" covered="0"/><counter type="LINE" missed="1" covered="0"/><counter type="COMPLEXITY" missed="1" covered="0"/><counter type="METHOD" missed="1" covered="0"/></method><method name="flush" desc="()V" line="71"><counter type="INSTRUCTION" missed="68" covered="0"/><counter type="BRANCH" missed="2" covered="0"/><counter type="LINE" missed="11" covered="0"/><counter type="COMPLEXITY" missed="2" covered="0"/><counter type="METHOD" missed="1" covered="0"/></method><method name="loadFromFile" desc="()V" line="84"><counter type="INSTRUCTION" missed="90" covered="0"/><counter type="BRANCH" missed="6" covered="0"/><counter type="LINE" missed="22" covered="0"/><counter type="COMPLEXITY" missed="4" covered="0"/><counter type="METHOD" missed="1" covered="0"/></method><counter type="INSTRUCTION" missed="222" covered="0"/><counter type="BRANCH" missed="12" covered="0"/><counter type="LINE" missed="50" covered="0"/><counter type="COMPLEXITY" missed="15" covered="0"/><counter type="METHOD" missed="9" covered="0"/><counter type="CLASS" missed="1" covered="0"/></class><class name="edu/uca/registration/repository/impl/CsvEnrollmentRepository" sourcefilename="CsvEnrollmentRepository.java"><method name="&lt;init&gt;" desc="(Ljava/lang/String;Ledu/uca/registration/util/Logger;)V" line="27"><counter type="INSTRUCTION" missed="16" covered="0"/><counter type="LINE" missed="6" covered="0"/><counter type="COMPLEXITY" missed="1" covered="0"/><counter type="METHOD" missed="1" covered="0"/></method><method name="save" desc="(Ledu/uca/registration/model/Enrollment;)V" line="37"><counter type="INSTRUCTION" missed="15" covered="0"/><counter type="LINE" missed="4" covered="0"/><counter type="COMPLEXITY" missed="1" covered="0"/><counter type="METHOD" missed="1" covered="0"/></method><method name="findByCourseCode" desc="(Ljava/lang/String;)Ljava/util/List;" line="44"><counter type="INSTRUCTION" missed="10" covered="0"/><counter type="LINE" missed="3" covered="0"/><counter type="COMPLEXITY" missed="1" covered="0"/><counter type="METHOD" missed="1" covered="0"/></method><method name="findByStudentId" desc="(Ljava/lang/String;)Ljava/util/List;" line="51"><counter type="INSTRUCTION" missed="10" covered="0"/><counter type="LINE" missed="3" covered="0"/><counter type="COMPLEXITY" missed="1" covered="0"/><counter type="METHOD" missed="1" covered="0"/></method><method name="findByCourseAndStatus" desc="(Ljava/lang/String;Ledu/uca/registration/model/Enrollment$EnrollmentStatus;)Ljava/util/List;" line="58"><counter type="INSTRUCTION" missed="11" covered="0"/><counter type="LINE" missed="3" covered="0"/><counter type="COMPLEXITY" missed="1" covered="0"/><counter type="METHOD" missed="1" covered="0"/></method><method name="exists" desc="(Ljava/lang/String;Ljava/lang/String;)Z" line="65"><counter type="INSTRUCTION" missed="8" covered="0"/><counter type="LINE" missed="2" covered="0"/><counter type="COMPLEXITY" missed="1" covered="0"/><counter type="METHOD" missed="1" covered="0"/></method><method name="delete" desc="(Ljava/lang/String;Ljava/lang/String;)Z" line="72"><counter type="INSTRUCTION" missed="13" covered="0"/><counter type="BRANCH" missed="2" covered="0"/><counter type="LINE" missed="4" covered="0"/><counter type="COMPLEXITY" missed="2" covered="0"/><counter type="METHOD" missed="1" covered="0"/></method><method name="countByCourseAndStatus" desc="(Ljava/lang/String;Ledu/uca/registration/model/Enrollment$EnrollmentStatus;)I" line="82"><counter type="INSTRUCTION" missed="10" covered="0"/><counter type="LINE" missed="3" covered="0"/><counter type="COMPLEXITY" missed="1" covered="0"/><counter type="METHOD" missed="1" covered="0"/></method><method name="flush" desc="()V" line="89"><counter type="INSTRUCTION" missed="66" covered="0"/><counter type="BRANCH" missed="2" covered="0"/><counter type="LINE" missed="11" covered="0"/><counter type="COMPLEXITY" missed="2" covered="0"/><counter type="METHOD" missed="1" covered="0"/></method><method name="loadFromFile" desc="()V" line="102"><counter type="INSTRUCTION" missed="91" covered="0"/><counter type="BRANCH" missed="6" covered="0"/><counter type="LINE" missed="23" covered="0"/><counter type="COMPLEXITY" missed="4" covered="0"/><counter type="METHOD" missed="1" covered="0"/></method><method name="lambda$countByCourseAndStatus$5" desc="(Ljava/lang/String;Ledu/uca/registration/model/Enrollment$EnrollmentStatus;Ledu/uca/registration/model/Enrollment;)Z" line="83"><counter type="INSTRUCTION" missed="13" covered="0"/><counter type="BRANCH" missed="4" covered="0"/><counter type="LINE" missed="1" covered="0"/><counter type="COMPLEXITY" missed="3" covered="0"/><counter type="METHOD" missed="1" covered="0"/></method><method name="lambda$delete$4" desc="(Ljava/lang/String;Ljava/lang/String;Ledu/uca/registration/model/Enrollment;)Z" line="73"><counter type="INSTRUCTION" missed="14" covered="0"/><counter type="BRANCH" missed="4" covered="0"/><counter type="LINE" missed="1" covered="0"/><counter type="COMPLEXITY" missed="3" covered="0"/><counter type="METHOD" missed="1" covered="0"/></method><method name="lambda$exists$3" desc="(Ljava/lang/String;Ljava/lang/String;Ledu/uca/registration/model/Enrollment;)Z" line="66"><counter type="INSTRUCTION" missed="14" covered="0"/><counter type="BRANCH" missed="4" covered="0"/><counter type="LINE" missed="2" covered="0"/><counter type="COMPLEXITY" missed="3" covered="0"/><counter type="METHOD" missed="1" covered="0"/></method><method name="lambda$findByCourseAndStatus$2" desc="(Ljava/lang/String;Ledu/uca/registration/model/Enrollment$EnrollmentStatus;Ledu/uca/registration/model/Enrollment;)Z" line="59"><counter type="INSTRUCTION" missed="13" covered="0"/><counter type="BRANCH" missed="4" covered="0"/><counter type="LINE" missed="1" covered="0"/><counter type="COMPLEXITY" missed="3" covered="0"/><counter type="METHOD" missed="1" covered="0"/></method><method name="lambda$findByStudentId$1" desc="(Ljava/lang/String;Ledu/uca/registration/model/Enrollment;)Z" line="52"><counter type="INSTRUCTION" missed="5" covered="0"/><counter type="LINE" missed="1" covered="0"/><counter type="COMPLEXITY" missed="1" covered="0"/><counter type="METHOD" missed="1" covered="0"/></method><method name="lambda$findByCourseCode$0" desc="(Ljava/lang/String;Ledu/uca/registration/model/Enrollment;)Z" line="45"><counter type="INSTRUCTION" missed="5" covered="0"/><counter type="LINE" missed="1" covered="0"/><counter type="COMPLEXITY" missed="1" covered="0"/><counter type="METHOD" missed="1" covered="0"/></method><counter type="INSTRUCTION" missed="314" covered="0"/><counter type="BRANCH" missed="26" covered="0"/><counter type="LINE" missed="64" covered="0"/><counter type="COMPLEXITY" missed="29" covered="0"/><counter type="METHOD" missed="16" covered="0"/><counter type="CLASS" missed="1" covered="0"/></class><sourcefile name="CsvEnrollmentRepository.java"><line nr="27" mi="2" ci="0" mb="0" cb="0"/><line nr="28" mi="3" ci="0" mb="0" cb="0"/><line nr="29" mi="5" ci="0" mb="0" cb="0"/><line nr="30" mi="3" ci="0" mb="0" cb="0"/><line nr="31" mi="2" ci="0" mb="0" cb="0"/><line nr="32" mi="1" ci="0" mb="0" cb="0"/><line nr="37" mi="7" ci="0" mb="0" cb="0"/><line nr="38" mi="5" ci="0" mb="0" cb="0"/><line nr="39" mi="2" ci="0" mb="0" cb="0"/><line nr="40" mi="1" ci="0" mb="0" cb="0"/><line nr="44" mi="6" ci="0" mb="0" cb="0"/><line nr="45" mi="6" ci="0" mb="0" cb="0"/><line nr="46" mi="3" ci="0" mb="0" cb="0"/><line nr="51" mi="6" ci="0" mb="0" cb="0"/><line nr="52" mi="6" ci="0" mb="0" cb="0"/><line nr="53" mi="3" ci="0" mb="0" cb="0"/><line nr="58" mi="7" ci="0" mb="0" cb="0"/><line nr="59" mi="14" ci="0" mb="4" cb="0"/><line nr="60" mi="3" ci="0" mb="0" cb="0"/><line nr="65" mi="7" ci="0" mb="0" cb="0"/><line nr="66" mi="8" ci="0" mb="2" cb="0"/><line nr="67" mi="7" ci="0" mb="2" cb="0"/><line nr="72" mi="7" ci="0" mb="0" cb="0"/><line nr="73" mi="14" ci="0" mb="4" cb="0"/><line nr="74" mi="2" ci="0" mb="2" cb="0"/><line nr="75" mi="2" ci="0" mb="0" cb="0"/><line nr="77" mi="2" ci="0" mb="0" cb="0"/><line nr="82" mi="7" ci="0" mb="0" cb="0"/><line nr="83" mi="14" ci="0" mb="4" cb="0"/><line nr="84" mi="2" ci="0" mb="0" cb="0"/><line nr="89" mi="9" ci="0" mb="0" cb="0"/><line nr="90" mi="11" ci="0" mb="2" cb="0"/><line nr="91" mi="9" ci="0" mb="0" cb="0"/><line nr="92" mi="12" ci="0" mb="0" cb="0"/><line nr="93" mi="1" ci="0" mb="0" cb="0"/><line nr="94" mi="9" ci="0" mb="0" cb="0"/><line nr="95" mi="1" ci="0" mb="0" cb="0"/><line nr="96" mi="6" ci="0" mb="0" cb="0"/><line nr="97" mi="6" ci="0" mb="0" cb="0"/><line nr="98" mi="1" ci="0" mb="0" cb="0"/><line nr="99" mi="1" ci="0" mb="0" cb="0"/><line nr="102" mi="6" ci="0" mb="0" cb="0"/><line nr="103" mi="3" ci="0" mb="2" cb="0"/><line nr="104" mi="4" ci="0" mb="0" cb="0"/><line nr="105" mi="1" ci="0" mb="0" cb="0"/><line nr="108" mi="8" ci="0" mb="0" cb="0"/><line nr="110" mi="2" ci="0" mb="0" cb="0"/><line nr="111" mi="5" ci="0" mb="2" cb="0"/><line nr="112" mi="1" ci="0" mb="0" cb="0"/><line nr="113" mi="5" ci="0" mb="0" cb="0"/><line nr="114" mi="4" ci="0" mb="2" cb="0"/><line nr="116" mi="4" ci="0" mb="0" cb="0"/><line nr="117" mi="4" ci="0" mb="0" cb="0"/><line nr="118" mi="6" ci="0" mb="0" cb="0"/><line nr="119" mi="10" ci="0" mb="0" cb="0"/><line nr="120" mi="1" ci="0" mb="0" cb="0"/><line nr="121" mi="7" ci="0" mb="0" cb="0"/><line nr="122" mi="1" ci="0" mb="0" cb="0"/><line nr="124" mi="1" ci="0" mb="0" cb="0"/><line nr="125" mi="9" ci="0" mb="0" cb="0"/><line nr="126" mi="1" ci="0" mb="0" cb="0"/><line nr="127" mi="6" ci="0" mb="0" cb="0"/><line nr="128" mi="1" ci="0" mb="0" cb="0"/><line nr="129" mi="1" ci="0" mb="0" cb="0"/><counter type="INSTRUCTION" missed="314" covered="0"/><counter type="BRANCH" missed="26" covered="0"/><counter type="LINE" missed="64" covered="0"/><counter type="COMPLEXITY" missed="29" covered="0"/><counter type="METHOD" missed="16" covered="0"/><counter type="CLASS" missed="1" covered="0"/></sourcefile><sourcefile name="CsvStudentRepository.java"><line nr="27" mi="2" ci="0" mb="0" cb="0"/><line nr="28" mi="3" ci="0" mb="0" cb="0"/><line nr="29" mi="5" ci="0" mb="0" cb="0"/><line nr="30" mi="3" ci="0" mb="0" cb="0"/><line nr="31" mi="2" ci="0" mb="0" cb="0"/><line nr="32" mi="1" ci="0" mb="0" cb="0"/><line nr="36" mi="7" ci="0" mb="0" cb="0"/><line nr="37" mi="2" ci="0" mb="0" cb="0"/><line nr="38" mi="1" ci="0" mb="0" cb="0"/><line nr="42" mi="7" ci="0" mb="0" cb="0"/><line nr="47" mi="5" ci="0" mb="0" cb="0"/><line nr="52" mi="7" ci="0" mb="0" cb="0"/><line nr="57" mi="9" ci="0" mb="2" cb="0"/><line nr="58" mi="2" ci="0" mb="2" cb="0"/><line nr="59" mi="2" ci="0" mb="0" cb="0"/><line nr="61" mi="2" ci="0" mb="0" cb="0"/><line nr="66" mi="4" ci="0" mb="0" cb="0"/><line nr="71" mi="9" ci="0" mb="0" cb="0"/><line nr="72" mi="12" ci="0" mb="2" cb="0"/><line nr="73" mi="9" ci="0" mb="0" cb="0"/><line nr="74" mi="12" ci="0" mb="0" cb="0"/><line nr="75" mi="1" ci="0" mb="0" cb="0"/><line nr="76" mi="9" ci="0" mb="0" cb="0"/><line nr="77" mi="1" ci="0" mb="0" cb="0"/><line nr="78" mi="6" ci="0" mb="0" cb="0"/><line nr="79" mi="6" ci="0" mb="0" cb="0"/><line nr="80" mi="1" ci="0" mb="0" cb="0"/><line nr="81" mi="1" ci="0" mb="0" cb="0"/><line nr="84" mi="6" ci="0" mb="0" cb="0"/><line nr="85" mi="3" ci="0" mb="2" cb="0"/><line nr="86" mi="4" ci="0" mb="0" cb="0"/><line nr="87" mi="1" ci="0" mb="0" cb="0"/><line nr="90" mi="8" ci="0" mb="0" cb="0"/><line nr="92" mi="2" ci="0" mb="0" cb="0"/><line nr="93" mi="5" ci="0" mb="2" cb="0"/><line nr="94" mi="1" ci="0" mb="0" cb="0"/><line nr="95" mi="5" ci="0" mb="0" cb="0"/><line nr="96" mi="4" ci="0" mb="2" cb="0"/><line nr="98" mi="13" ci="0" mb="0" cb="0"/><line nr="99" mi="7" ci="0" mb="0" cb="0"/><line nr="100" mi="1" ci="0" mb="0" cb="0"/><line nr="101" mi="7" ci="0" mb="0" cb="0"/><line nr="102" mi="1" ci="0" mb="0" cb="0"/><line nr="104" mi="1" ci="0" mb="0" cb="0"/><line nr="105" mi="9" ci="0" mb="0" cb="0"/><line nr="106" mi="1" ci="0" mb="0" cb="0"/><line nr="107" mi="6" ci="0" mb="0" cb="0"/><line nr="108" mi="1" ci="0" mb="0" cb="0"/><line nr="109" mi="1" ci="0" mb="0" cb="0"/><counter type="INSTRUCTION" missed="218" covered="0"/><counter type="BRANCH" missed="12" covered="0"/><counter type="LINE" missed="49" covered="0"/><counter type="COMPLEXITY" missed="15" covered="0"/><counter type="METHOD" missed="9" covered="0"/><counter type="CLASS" missed="1" covered="0"/></sourcefile><sourcefile name="CsvCourseRepository.java"><line nr="27" mi="2" ci="0" mb="0" cb="0"/><line nr="28" mi="3" ci="0" mb="0" cb="0"/><line nr="29" mi="5" ci="0" mb="0" cb="0"/><line nr="30" mi="3" ci="0" mb="0" cb="0"/><line nr="31" mi="2" ci="0" mb="0" cb="0"/><line nr="32" mi="1" ci="0" mb="0" cb="0"/><line nr="36" mi="7" ci="0" mb="0" cb="0"/><line nr="37" mi="2" ci="0" mb="0" cb="0"/><line nr="38" mi="1" ci="0" mb="0" cb="0"/><line nr="42" mi="7" ci="0" mb="0" cb="0"/><line nr="47" mi="5" ci="0" mb="0" cb="0"/><line nr="52" mi="7" ci="0" mb="0" cb="0"/><line nr="57" mi="9" ci="0" mb="2" cb="0"/><line nr="58" mi="2" ci="0" mb="2" cb="0"/><line nr="59" mi="2" ci="0" mb="0" cb="0"/><line nr="61" mi="2" ci="0" mb="0" cb="0"/><line nr="66" mi="4" ci="0" mb="0" cb="0"/><line nr="71" mi="9" ci="0" mb="0" cb="0"/><line nr="72" mi="12" ci="0" mb="2" cb="0"/><line nr="73" mi="9" ci="0" mb="0" cb="0"/><line nr="74" mi="13" ci="0" mb="0" cb="0"/><line nr="75" mi="1" ci="0" mb="0" cb="0"/><line nr="76" mi="9" ci="0" mb="0" cb="0"/><line nr="77" mi="1" ci="0" mb="0" cb="0"/><line nr="78" mi="6" ci="0" mb="0" cb="0"/><line nr="79" mi="6" ci="0" mb="0" cb="0"/><line nr="80" mi="1" ci="0" mb="0" cb="0"/><line nr="81" mi="1" ci="0" mb="0" cb="0"/><line nr="84" mi="6" ci="0" mb="0" cb="0"/><line nr="85" mi="3" ci="0" mb="2" cb="0"/><line nr="86" mi="4" ci="0" mb="0" cb="0"/><line nr="87" mi="1" ci="0" mb="0" cb="0"/><line nr="90" mi="8" ci="0" mb="0" cb="0"/><line nr="92" mi="2" ci="0" mb="0" cb="0"/><line nr="93" mi="5" ci="0" mb="2" cb="0"/><line nr="94" mi="1" ci="0" mb="0" cb="0"/><line nr="95" mi="5" ci="0" mb="0" cb="0"/><line nr="96" mi="4" ci="0" mb="2" cb="0"/><line nr="98" mi="5" ci="0" mb="0" cb="0"/><line nr="99" mi="11" ci="0" mb="0" cb="0"/><line nr="100" mi="7" ci="0" mb="0" cb="0"/><line nr="101" mi="1" ci="0" mb="0" cb="0"/><line nr="102" mi="7" ci="0" mb="0" cb="0"/><line nr="103" mi="1" ci="0" mb="0" cb="0"/><line nr="105" mi="1" ci="0" mb="0" cb="0"/><line nr="106" mi="9" ci="0" mb="0" cb="0"/><line nr="107" mi="1" ci="0" mb="0" cb="0"/><line nr="108" mi="6" ci="0" mb="0" cb="0"/><line nr="109" mi="1" ci="0" mb="0" cb="0"/><line nr="110" mi="1" ci="0" mb="0" cb="0"/><counter type="INSTRUCTION" missed="222" covered="0"/><counter type="BRANCH" missed="12" covered="0"/><counter type="LINE" missed="50" covered="0"/><counter type="COMPLEXITY" missed="15" covered="0"/><counter type="METHOD" missed="9" covered="0"/><counter type="CLASS" missed="1" covered="0"/></sourcefile><counter type="INSTRUCTION" missed="754" covered="0"/><counter type="BRANCH" missed="50" covered="0"/><counter type="LINE" missed="163" covered="0"/><counter type="COMPLEXITY" missed="59" covered="0"/><counter type="METHOD" missed="34" covered="0"/><counter type="CLASS" missed="3" covered="0"/></package><package name="edu/uca/registration"><class name="edu/uca/registration/Main" sourcefilename="Main.java"><method name="&lt;init&gt;" desc="()V" line="19"><counter type="INSTRUCTION" missed="3" covered="0"/><counter type="LINE" missed="1" covered="0"/><counter type="COMPLEXITY" missed="1" covered="0"/><counter type="METHOD" missed="1" covered="0"/></method><method name="main" desc="([Ljava/lang/String;)V" line="23"><counter type="INSTRUCTION" missed="86" covered="0"/><counter type="BRANCH" missed="6" covered="0"/><counter type="LINE" missed="19" covered="0"/><counter type="COMPLEXITY" missed="4" covered="0"/><counter type="METHOD" missed="1" covered="0"/></method><method name="seedDemoData" desc="(Ledu/uca/registration/service/RegistrationService;Ledu/uca/registration/util/Logger;)V" line="65"><counter type="INSTRUCTION" missed="34" covered="0"/><counter type="LINE" missed="10" covered="0"/><counter type="COMPLEXITY" missed="1" covered="0"/><counter type="METHOD" missed="1" covered="0"/></method><counter type="INSTRUCTION" missed="123" covered="0"/><counter type="BRANCH" missed="6" covered="0"/><counter type="LINE" missed="30" covered="0"/><counter type="COMPLEXITY" missed="6" covered="0"/><counter type="METHOD" missed="3" covered="0"/><counter type="CLASS" missed="1" covered="0"/></class><sourcefile name="Main.java"><line nr="19" mi="3" ci="0" mb="0" cb="0"/><line nr="23" mi="4" ci="0" mb="0" cb="0"/><line nr="24" mi="7" ci="0" mb="0" cb="0"/><line nr="27" mi="13" ci="0" mb="4" cb="0"/><line nr="30" mi="3" ci="0" mb="0" cb="0"/><line nr="31" mi="5" ci="0" mb="0" cb="0"/><line nr="32" mi="4" ci="0" mb="0" cb="0"/><line nr="35" mi="3" ci="0" mb="0" cb="0"/><line nr="36" mi="5" ci="0" mb="0" cb="0"/><line nr="37" mi="4" ci="0" mb="0" cb="0"/><line nr="40" mi="3" ci="0" mb="0" cb="0"/><line nr="41" mi="5" ci="0" mb="0" cb="0"/><line nr="42" mi="4" ci="0" mb="0" cb="0"/><line nr="46" mi="9" ci="0" mb="0" cb="0"/><line nr="50" mi="4" ci="0" mb="0" cb="0"/><line nr="54" mi="2" ci="0" mb="2" cb="0"/><line nr="55" mi="3" ci="0" mb="0" cb="0"/><line nr="59" mi="5" ci="0" mb="0" cb="0"/><line nr="60" mi="2" ci="0" mb="0" cb="0"/><line nr="61" mi="1" ci="0" mb="0" cb="0"/><line nr="65" mi="3" ci="0" mb="0" cb="0"/><line nr="68" mi="5" ci="0" mb="0" cb="0"/><line nr="69" mi="5" ci="0" mb="0" cb="0"/><line nr="72" mi="5" ci="0" mb="0" cb="0"/><line nr="73" mi="5" ci="0" mb="0" cb="0"/><line nr="75" mi="3" ci="0" mb="0" cb="0"/><line nr="76" mi="1" ci="0" mb="0" cb="0"/><line nr="77" mi="5" ci="0" mb="0" cb="0"/><line nr="78" mi="1" ci="0" mb="0" cb="0"/><line nr="79" mi="1" ci="0" mb="0" cb="0"/><counter type="INSTRUCTION" missed="123" covered="0"/><counter type="BRANCH" missed="6" covered="0"/><counter type="LINE" missed="30" covered="0"/><counter type="COMPLEXITY" missed="6" covered="0"/><counter type="METHOD" missed="3" covered="0"/><counter type="CLASS" missed="1" covered="0"/></sourcefile><counter type="INSTRUCTION" missed="123" covered="0"/><counter type="BRANCH" missed="6" covered="0"/><counter type="LINE" missed="30" covered="0"/><counter type="COMPLEXITY" missed="6" covered="0"/><counter type="METHOD" missed="3" covered="0"/><counter type="CLASS" missed="1" covered="0"/></package><counter type="INSTRUCTION" missed="1498" covered="809"/><counter type="BRANCH" missed="114" covered="60"/><counter type="LINE" missed="364" covered="178"/><counter type="COMPLEXITY" missed="139" covered="79"/><counter type="METHOD" missed="71" covered="57"/><counter type="CLASS" missed="6" covered="11"/></report>