<?xml version="1.0" encoding="UTF-8"?>
<testsuite xmlns:xsi="http://www.w3.org/2001/XMLSchema-instance" xsi:noNamespaceSchemaLocation="https://maven.apache.org/surefire/maven-surefire-plugin/xsd/surefire-test-report-3.0.xsd" version="3.0" name="edu.uca.registration.system.SystemTest" time="0.132" tests="6" errors="0" skipped="0" failures="0">
  <properties>
[...]
</properties>
  <testcase name="testCompleteRegistrationWorkflow" classname="edu.uca.registration.system.SystemTest" time="0.066"/>
  <testcase name="testWaitlistPromotionWorkflow" classname="edu.uca.registration.system.SystemTest" time="0.007"/>
  <testcase name="testMultipleCourseEnrollments" classname="edu.uca.registration.system.SystemTest" time="0.002"/>
  <testcase name="testErrorHandlingInWorkflow" classname="edu.uca.registration.system.SystemTest" time="0.005"/>
  <testcase name="testLargeScaleEnrollment" classname="edu.uca.registration.system.SystemTest" time="0.017"/>
  <testcase name="testBoundaryConditions" classname="edu.uca.registration.system.SystemTest" time="0.002"/>
</testsuite>